<?xml version="1.0" encoding="UTF-8"?>
<!-- Generated by org.testng.reporters.JUnitReportReporter -->
<testsuite hostname="DESKTOP-V2ONJQQ" failures="0" tests="1" name="WM.WMTest" time="18.333" errors="0" timestamp="2023-03-16T16:06:00 IST" skipped="0">
  <testcase classname="WM.WMTest" name="freeCRMTest" time="18.333"/>
  <system-out/>
</testsuite> <!-- WM.WMTest -->
